<?xml version='1.0'?>
<ns2:test-suite xmlns:ns2='urn:model.allure.qatools.yandex.ru' start='1590843624511' stop='1590843668025'>
    <name>Facebook</name>
    <title>Facebook</title>
    <test-cases>
        <test-case start='1590843624512' status='broken' stop='1590843668019'>
            <name>Select by visible text</name>
            <title>Select by visible text</title>
            <labels>
                <label name='language' value='javascript'/>
                <label name='framework' value='wdio'/>
                <label name='thread' value='0-0'/>
            </labels>
            <parameters>
                <parameter kind='argument' name='browser' value='Chrome-10.0.17134'/>
            </parameters>
            <steps>
                <step start='1590843624751' status='broken' stop='1590843668018'>
                    <name>undefined undefined</name>
                    <title>undefined undefined</title>
                    <attachments/>
                    <steps>
                        <step start='1590843664630' status='broken' stop='1590843668018'>
                            <name>undefined undefined</name>
                            <title>undefined undefined</title>
                            <attachments/>
                            <steps/>
                        </step>
                    </steps>
                </step>
            </steps>
            <attachments/>
            <failure>
                <message>net::ERR_CONNECTION_RESET at https://www.facebook.com/</message>
                <stack-trace>net::ERR_CONNECTION_RESET at https://www.facebook.com/
                    at Frame.&lt;anonymous> (C:\Users\Asus\Documents\WebdriverIO_Practice\node_modules\puppeteer-core\lib\helper.js:94:19)
                    at Page.goto (C:\Users\Asus\Documents\WebdriverIO_Practice\node_modules\puppeteer-core\lib\Page.js:476:53)
                    at Page.&lt;anonymous> (C:\Users\Asus\Documents\WebdriverIO_Practice\node_modules\puppeteer-core\lib\helper.js:95:27)
                    at DevToolsDriver.navigateTo (C:\Users\Asus\Documents\WebdriverIO_Practice\node_modules\devtools\build\commands\navigateTo.js:13:14)
                    at Browser.wrappedCommand (C:\Users\Asus\Documents\WebdriverIO_Practice\node_modules\devtools\build\devtoolsdriver.js:92:47)
                    at processTicksAndRejections (internal/process/task_queues.js:97:5)
                    at async Browser.runCommandWithHooks (C:\Users\Asus\Documents\WebdriverIO_Practice\node_modules\@wdio\sync\build\wrapCommand.js:88:21)
                    at Browser.runCommandWithHooks (C:\Users\Asus\Documents\WebdriverIO_Practice\node_modules\@wdio\sync\build\wrapCommand.js:82:22)
                    at Browser.wrapCommandFn (C:\Users\Asus\Documents\WebdriverIO_Practice\node_modules\@wdio\sync\build\wrapCommand.js:59:40)
                    at Context.&lt;anonymous> (C:\Users\Asus\Documents\WebdriverIO_Practice\test\dropDownTest.js:3:17)
                    at Context.executeSync (C:\Users\Asus\Documents\WebdriverIO_Practice\node_modules\@wdio\sync\build\index.js:56:18)
                    at C:\Users\Asus\Documents\WebdriverIO_Practice\node_modules\@wdio\sync\build\index.js:82:70</stack-trace>
            </failure>
        </test-case>
        <test-case start='1590843668022' status='pending' stop='1590843668022'>
            <name>Select by index</name>
            <title>Select by index</title>
            <labels/>
            <parameters/>
            <steps/>
            <attachments/>
            <failure>
                <message>Test ignored</message>
                <stack-trace>undefined</stack-trace>
            </failure>
        </test-case>
    </test-cases>
</ns2:test-suite>