<?xml version='1.0'?>
<ns2:test-suite xmlns:ns2='urn:model.allure.qatools.yandex.ru' start='1590844583407' stop='1590844589966'>
    <name>Facebook</name>
    <title>Facebook</title>
    <test-cases>
        <test-case start='1590844583408' status='pending' stop='1590844583408'>
            <name>Select by visible text</name>
            <title>Select by visible text</title>
            <labels/>
            <parameters/>
            <steps/>
            <attachments/>
            <failure>
                <message>Test ignored</message>
                <stack-trace>undefined</stack-trace>
            </failure>
        </test-case>
        <test-case start='1590844583408' status='pending' stop='1590844583408'>
            <name>Select by index</name>
            <title>Select by index</title>
            <labels/>
            <parameters/>
            <steps/>
            <attachments/>
            <failure>
                <message>Test ignored</message>
                <stack-trace>undefined</stack-trace>
            </failure>
        </test-case>
        <test-case start='1590844583409' status='broken' stop='1590844589964'>
            <name>Select by visible text</name>
            <title>Select by visible text</title>
            <labels>
                <label name='language' value='javascript'/>
                <label name='framework' value='wdio'/>
                <label name='thread' value='0-0'/>
            </labels>
            <parameters>
                <parameter kind='argument' name='browser' value='Chrome-10.0.17134'/>
            </parameters>
            <steps>
                <step start='1590844583496' status='passed' stop='1590844589375'>
                    <name>undefined undefined</name>
                    <title>undefined undefined</title>
                    <attachments/>
                    <steps/>
                </step>
                <step start='1590844589390' status='passed' stop='1590844589959'>
                    <name>undefined undefined</name>
                    <title>undefined undefined</title>
                    <attachments/>
                    <steps/>
                </step>
            </steps>
            <attachments/>
            <failure>
                <message>Command "maximizeWindow" is not yet implemented</message>
                <stack-trace>Error: Command "maximizeWindow" is not yet implemented
                    at Browser.retries (C:\Users\Asus\Documents\WebdriverIO_Practice\node_modules\devtools\build\devtoolsdriver.js:75:15)
                    at Browser.runCommandWithHooks (C:\Users\Asus\Documents\WebdriverIO_Practice\node_modules\@wdio\sync\build\wrapCommand.js:88:30)
                    at processTicksAndRejections (internal/process/task_queues.js:97:5)
                    at Browser.runCommandWithHooks (C:\Users\Asus\Documents\WebdriverIO_Practice\node_modules\@wdio\sync\build\wrapCommand.js:82:22)
                    at Browser.wrapCommandFn (C:\Users\Asus\Documents\WebdriverIO_Practice\node_modules\@wdio\sync\build\wrapCommand.js:59:40)
                    at Context.&lt;anonymous> (C:\Users\Asus\Documents\WebdriverIO_Practice\test\dropDownTest.js:24:17)
                    at Context.executeSync (C:\Users\Asus\Documents\WebdriverIO_Practice\node_modules\@wdio\sync\build\index.js:56:18)
                    at C:\Users\Asus\Documents\WebdriverIO_Practice\node_modules\@wdio\sync\build\index.js:82:70</stack-trace>
            </failure>
        </test-case>
    </test-cases>
</ns2:test-suite>