<?xml version='1.0'?>
<ns2:test-suite xmlns:ns2='urn:model.allure.qatools.yandex.ru' start='1590844920718' stop='1590844967744'>
    <name>Facebook</name>
    <title>Facebook</title>
    <test-cases>
        <test-case start='1590844920719' status='pending' stop='1590844920719'>
            <name>Select by visible text</name>
            <title>Select by visible text</title>
            <labels/>
            <parameters/>
            <steps/>
            <attachments/>
            <failure>
                <message>Test ignored</message>
                <stack-trace>undefined</stack-trace>
            </failure>
        </test-case>
        <test-case start='1590844920719' status='pending' stop='1590844920719'>
            <name>Select by index</name>
            <title>Select by index</title>
            <labels/>
            <parameters/>
            <steps/>
            <attachments/>
            <failure>
                <message>Test ignored</message>
                <stack-trace>undefined</stack-trace>
            </failure>
        </test-case>
        <test-case start='1590844920720' status='failed' stop='1590844967742'>
            <name>Select by visible text</name>
            <title>Select by visible text</title>
            <labels>
                <label name='language' value='javascript'/>
                <label name='framework' value='wdio'/>
                <label name='thread' value='0-0'/>
            </labels>
            <parameters>
                <parameter kind='argument' name='browser' value='Chrome-10.0.17134'/>
            </parameters>
            <steps>
                <step start='1590844921035' status='passed' stop='1590844963606'>
                    <name>undefined undefined</name>
                    <title>undefined undefined</title>
                    <attachments/>
                    <steps/>
                </step>
                <step start='1590844963614' status='passed' stop='1590844963630'>
                    <name>undefined undefined</name>
                    <title>undefined undefined</title>
                    <attachments/>
                    <steps/>
                </step>
                <step start='1590844963658' status='passed' stop='1590844963666'>
                    <name>undefined undefined</name>
                    <title>undefined undefined</title>
                    <attachments/>
                    <steps/>
                </step>
                <step start='1590844964157' status='passed' stop='1590844964162'>
                    <name>undefined undefined</name>
                    <title>undefined undefined</title>
                    <attachments/>
                    <steps/>
                </step>
                <step start='1590844966762' status='passed' stop='1590844966769'>
                    <name>undefined undefined</name>
                    <title>undefined undefined</title>
                    <attachments/>
                    <steps/>
                </step>
                <step start='1590844966780' status='passed' stop='1590844966788'>
                    <name>undefined undefined</name>
                    <title>undefined undefined</title>
                    <attachments/>
                    <steps/>
                </step>
                <step start='1590844966797' status='passed' stop='1590844966850'>
                    <name>undefined undefined</name>
                    <title>undefined undefined</title>
                    <attachments/>
                    <steps/>
                </step>
                <step start='1590844967280' status='passed' stop='1590844967288'>
                    <name>undefined undefined</name>
                    <title>undefined undefined</title>
                    <attachments/>
                    <steps/>
                </step>
                <step start='1590844967296' status='passed' stop='1590844967304'>
                    <name>undefined undefined</name>
                    <title>undefined undefined</title>
                    <attachments/>
                    <steps/>
                </step>
                <step start='1590844967314' status='passed' stop='1590844967737'>
                    <name>undefined undefined</name>
                    <title>undefined undefined</title>
                    <attachments/>
                    <steps/>
                </step>
            </steps>
            <attachments/>
            <failure>
                <message>Malformed type for "elementId" parameter of command elementClick
                Expected: string
                Actual: null
                
                For more info see https://w3c.github.io/webdriver/#dfn-element-click
                </message>
                <stack-trace>Error: Malformed type for "elementId" parameter of command elementClick
                Expected: string
                Actual: null
                For more info see https://w3c.github.io/webdriver/#dfn-element-click
                    at validate (C:\Users\Asus\Documents\WebdriverIO_Practice\node_modules\devtools\build\utils.js:64:13)
                    at Element.wrappedCommand (C:\Users\Asus\Documents\WebdriverIO_Practice\node_modules\devtools\build\devtoolsdriver.js:83:43)
                    at runMicrotasks (&lt;anonymous>)
                    at processTicksAndRejections (internal/process/task_queues.js:97:5)
                    at async Element.elementErrorHandlerCallbackFn (C:\Users\Asus\Documents\WebdriverIO_Practice\node_modules\webdriverio\build\middlewares.js:21:24)
                    at async Element.runCommandWithHooks (C:\Users\Asus\Documents\WebdriverIO_Practice\node_modules\@wdio\sync\build\wrapCommand.js:88:21)
                    at Element.runCommandWithHooks (C:\Users\Asus\Documents\WebdriverIO_Practice\node_modules\@wdio\sync\build\wrapCommand.js:82:22)
                    at Element.wrapCommandFn (C:\Users\Asus\Documents\WebdriverIO_Practice\node_modules\@wdio\sync\build\wrapCommand.js:59:40)
                    at Element.elementErrorHandlerCallback (C:\Users\Asus\Documents\WebdriverIO_Practice\node_modules\webdriverio\build\middlewares.js:40:8)
                    at Context.&lt;anonymous> (C:\Users\Asus\Documents\WebdriverIO_Practice\test\dropDownTest.js:26:24)
                    at Context.executeSync (C:\Users\Asus\Documents\WebdriverIO_Practice\node_modules\@wdio\sync\build\index.js:56:18)
                    at C:\Users\Asus\Documents\WebdriverIO_Practice\node_modules\@wdio\sync\build\index.js:82:70</stack-trace>
            </failure>
        </test-case>
    </test-cases>
</ns2:test-suite>