<?xml version='1.0'?>
<ns2:test-suite xmlns:ns2='urn:model.allure.qatools.yandex.ru' start='1590844656805' stop='1590844716892'>
    <name>Facebook</name>
    <title>Facebook</title>
    <test-cases>
        <test-case start='1590844656806' status='pending' stop='1590844656807'>
            <name>Select by visible text</name>
            <title>Select by visible text</title>
            <labels/>
            <parameters/>
            <steps/>
            <attachments/>
            <failure>
                <message>Test ignored</message>
                <stack-trace>undefined</stack-trace>
            </failure>
        </test-case>
        <test-case start='1590844656807' status='pending' stop='1590844656807'>
            <name>Select by index</name>
            <title>Select by index</title>
            <labels/>
            <parameters/>
            <steps/>
            <attachments/>
            <failure>
                <message>Test ignored</message>
                <stack-trace>undefined</stack-trace>
            </failure>
        </test-case>
        <test-case start='1590844656807' status='broken' stop='1590844716891'>
            <name>Select by visible text</name>
            <title>Select by visible text</title>
            <labels>
                <label name='language' value='javascript'/>
                <label name='framework' value='wdio'/>
                <label name='thread' value='0-0'/>
            </labels>
            <parameters>
                <parameter kind='argument' name='browser' value='Chrome-10.0.17134'/>
            </parameters>
            <steps>
                <step start='1590844656895' status='broken' stop='1590844716890'>
                    <name>undefined undefined</name>
                    <title>undefined undefined</title>
                    <attachments/>
                    <steps/>
                </step>
            </steps>
            <attachments/>
            <failure>
                <message>Timeout of 60000ms exceeded. For async tests and hooks, ensure "done()" is called; if returning a Promise, ensure it resolves. (C:\Users\Asus\Documents\WebdriverIO_Practice\test\dropDownTest.js)</message>
                <stack-trace>Error: Timeout of 60000ms exceeded. For async tests and hooks, ensure "done()" is called; if returning a Promise, ensure it resolves. (C:\Users\Asus\Documents\WebdriverIO_Practice\test\dropDownTest.js)
                    at Test.Runnable._timeoutError (C:\Users\Asus\Documents\WebdriverIO_Practice\node_modules\mocha\lib\runnable.js:442:10)
                    at Timeout.&lt;anonymous> (C:\Users\Asus\Documents\WebdriverIO_Practice\node_modules\mocha\lib\runnable.js:252:24)
                    at listOnTimeout (internal/timers.js:549:17)
                    at processTimers (internal/timers.js:492:7)</stack-trace>
            </failure>
        </test-case>
    </test-cases>
</ns2:test-suite>